<?xml version="1.0" encoding="UTF-8"?>
<testsuite name="Visualización en la página de Producto en la vista de administrador de TeddyShop" tests="1" skipped="0" failures="0" errors="0" timestamp="2025-05-20T20:31:10" hostname="DESKTOP-D0SU7PU" time="9.625">
  <properties/>
  <testcase name="Verificar la visualización exitosa en la página de Productos en la vista de administrador de TeddyShop" classname="Visualización en la página de Producto en la vista de administrador de TeddyShop" time="9.625"/>
  <system-out><![CDATA[]]></system-out>
  <system-err><![CDATA[may. 20, 2025 3:31:11 P. M. org.openqa.selenium.remote.DesiredCapabilities chrome
INFO: Using `new ChromeOptions()` is preferred to `DesiredCapabilities.chrome()`
[Test worker] INFO net.serenitybdd.core.webdriver.driverproviders.ProvideNewDriver - Instantiating driver
[Test worker] INFO net.serenitybdd.core.webdriver.driverproviders.ProvideNewDriver - Driver capabilities: Capabilities {acceptInsecureCerts: false, browserName: chrome, goog:chromeOptions: {args: [], extensions: [], prefs: {behavior: allow}}, loggingPrefs: org.openqa.selenium.logging..., name: proyecto, platform: ANY, unhandledPromptBehavior: ignore, version: }
Starting ChromeDriver 136.0.7103.94 (fa0be0b33debeb378a8e6ad9c599be34e2dc3b37-refs/branch-heads/7103@{#1842}) on port 45493
Only local connections are allowed.
Please see https://chromedriver.chromium.org/security-considerations for suggestions on keeping ChromeDriver safe.
ChromeDriver was started successfully on port 45493.
may. 20, 2025 3:31:13 P. M. org.openqa.selenium.remote.ProtocolHandshake createSession
INFO: Detected dialect: W3C
[Test worker] INFO net.thucydides.core.steps.ConsoleLoggingListener - 
        __    _____ _____ ____ _____   ____   _    ____  ____  _____ ____  
  _     \ \  |_   _| ____/ ___|_   _| |  _ \ / \  / ___|/ ___|| ____|  _ \ 
 (_)_____| |   | | |  _| \___ \ | |   | |_) / _ \ \___ \\___ \|  _| | | | |
  _|_____| |   | | | |___ ___) || |   |  __/ ___ \ ___) |___) | |___| |_| |
 (_)     | |   |_| |_____|____/ |_|   |_| /_/   \_\____/|____/|_____|____/ 
        /_/                                                                

TEST PASSED: Verificar la visualización exitosa en la página de Productos en la vista de administrador de TeddyShop
----------------------------------------------------------------------------
]]></system-err>
</testsuite>
